{"/Users/maguina/Desktop/Multiverse/Airport-Object/airport-objects/Airplane.js": {"path":"/Users/maguina/Desktop/Multiverse/Airport-Object/airport-objects/Airplane.js","statementMap":{"0":{"start":{"line":3,"column":8},"end":{"line":3,"column":32}},"1":{"start":{"line":5,"column":8},"end":{"line":12,"column":9}},"2":{"start":{"line":6,"column":12},"end":{"line":11,"column":13}},"3":{"start":{"line":7,"column":16},"end":{"line":7,"column":27}},"4":{"start":{"line":10,"column":16},"end":{"line":10,"column":28}},"5":{"start":{"line":16,"column":0},"end":{"line":16,"column":26}}},"fnMap":{"0":{"name":"(anonymous_0)","decl":{"start":{"line":2,"column":4},"end":{"line":2,"column":5}},"loc":{"start":{"line":2,"column":25},"end":{"line":13,"column":5}},"line":2},"1":{"name":"(anonymous_1)","decl":{"start":{"line":5,"column":30},"end":{"line":5,"column":31}},"loc":{"start":{"line":5,"column":42},"end":{"line":12,"column":9}},"line":5}},"branchMap":{"0":{"loc":{"start":{"line":6,"column":12},"end":{"line":11,"column":13}},"type":"if","locations":[{"start":{"line":6,"column":12},"end":{"line":11,"column":13}},{"start":{"line":9,"column":17},"end":{"line":11,"column":13}}],"line":6},"1":{"loc":{"start":{"line":6,"column":16},"end":{"line":6,"column":56}},"type":"binary-expr","locations":[{"start":{"line":6,"column":16},"end":{"line":6,"column":33}},{"start":{"line":6,"column":37},"end":{"line":6,"column":56}}],"line":6}},"s":{"0":2,"1":2,"2":4,"3":2,"4":2,"5":1},"f":{"0":2,"1":4},"b":{"0":[2,2],"1":[4,4]},"_coverageSchema":"1a1c01bbd47fc00a2c39e90264f33305004495a9","hash":"c540a6ba41bb565ee213bf530009560101d7c992"}
,"/Users/maguina/Desktop/Multiverse/Airport-Object/airport-objects/Airport0.js": {"path":"/Users/maguina/Desktop/Multiverse/Airport-Object/airport-objects/Airport0.js","statementMap":{"0":{"start":{"line":3,"column":8},"end":{"line":3,"column":24}},"1":{"start":{"line":4,"column":8},"end":{"line":4,"column":24}},"2":{"start":{"line":7,"column":0},"end":{"line":7,"column":26}}},"fnMap":{"0":{"name":"(anonymous_0)","decl":{"start":{"line":2,"column":4},"end":{"line":2,"column":5}},"loc":{"start":{"line":2,"column":21},"end":{"line":5,"column":5}},"line":2}},"branchMap":{},"s":{"0":1,"1":1,"2":1},"f":{"0":1},"b":{},"_coverageSchema":"1a1c01bbd47fc00a2c39e90264f33305004495a9","hash":"5aa4efbf80ad8c7be5535cc1101308bc92fc047c"}
,"/Users/maguina/Desktop/Multiverse/Airport-Object/airport-objects/Bag.js": {"path":"/Users/maguina/Desktop/Multiverse/Airport-Object/airport-objects/Bag.js","statementMap":{"0":{"start":{"line":3,"column":8},"end":{"line":3,"column":28}},"1":{"start":{"line":5,"column":8},"end":{"line":12,"column":9}},"2":{"start":{"line":6,"column":12},"end":{"line":11,"column":13}},"3":{"start":{"line":7,"column":16},"end":{"line":7,"column":27}},"4":{"start":{"line":10,"column":16},"end":{"line":10,"column":28}},"5":{"start":{"line":16,"column":0},"end":{"line":16,"column":20}}},"fnMap":{"0":{"name":"(anonymous_0)","decl":{"start":{"line":2,"column":4},"end":{"line":2,"column":5}},"loc":{"start":{"line":2,"column":23},"end":{"line":13,"column":5}},"line":2},"1":{"name":"(anonymous_1)","decl":{"start":{"line":5,"column":28},"end":{"line":5,"column":29}},"loc":{"start":{"line":5,"column":40},"end":{"line":12,"column":9}},"line":5}},"branchMap":{"0":{"loc":{"start":{"line":6,"column":12},"end":{"line":11,"column":13}},"type":"if","locations":[{"start":{"line":6,"column":12},"end":{"line":11,"column":13}},{"start":{"line":9,"column":17},"end":{"line":11,"column":13}}],"line":6},"1":{"loc":{"start":{"line":6,"column":16},"end":{"line":6,"column":51}},"type":"binary-expr","locations":[{"start":{"line":6,"column":16},"end":{"line":6,"column":31}},{"start":{"line":6,"column":35},"end":{"line":6,"column":51}}],"line":6}},"s":{"0":2,"1":2,"2":0,"3":0,"4":0,"5":2},"f":{"0":2,"1":0},"b":{"0":[0,0],"1":[0,0]},"_coverageSchema":"1a1c01bbd47fc00a2c39e90264f33305004495a9","hash":"f4796f88e8ac24fe3228ba253c323d24c8ca7d58"}
,"/Users/maguina/Desktop/Multiverse/Airport-Object/airport-objects/Crew.js": {"path":"/Users/maguina/Desktop/Multiverse/Airport-Object/airport-objects/Crew.js","statementMap":{"0":{"start":{"line":3,"column":8},"end":{"line":3,"column":24}},"1":{"start":{"line":4,"column":8},"end":{"line":4,"column":32}},"2":{"start":{"line":7,"column":8},"end":{"line":7,"column":40}},"3":{"start":{"line":10,"column":0},"end":{"line":10,"column":22}}},"fnMap":{"0":{"name":"(anonymous_0)","decl":{"start":{"line":2,"column":4},"end":{"line":2,"column":5}},"loc":{"start":{"line":2,"column":31},"end":{"line":5,"column":5}},"line":2},"1":{"name":"(anonymous_1)","decl":{"start":{"line":6,"column":4},"end":{"line":6,"column":5}},"loc":{"start":{"line":6,"column":14},"end":{"line":8,"column":5}},"line":6}},"branchMap":{},"s":{"0":1,"1":1,"2":1,"3":1},"f":{"0":1,"1":1},"b":{},"_coverageSchema":"1a1c01bbd47fc00a2c39e90264f33305004495a9","hash":"67a054ec659d94b7019d4f1d837021064dc7dbf3"}
,"/Users/maguina/Desktop/Multiverse/Airport-Object/airport-objects/Person.js": {"path":"/Users/maguina/Desktop/Multiverse/Airport-Object/airport-objects/Person.js","statementMap":{"0":{"start":{"line":3,"column":8},"end":{"line":3,"column":24}},"1":{"start":{"line":4,"column":8},"end":{"line":4,"column":22}},"2":{"start":{"line":7,"column":8},"end":{"line":7,"column":27}},"3":{"start":{"line":12,"column":0},"end":{"line":12,"column":23}}},"fnMap":{"0":{"name":"(anonymous_0)","decl":{"start":{"line":2,"column":4},"end":{"line":2,"column":5}},"loc":{"start":{"line":2,"column":21},"end":{"line":5,"column":5}},"line":2},"1":{"name":"(anonymous_1)","decl":{"start":{"line":6,"column":4},"end":{"line":6,"column":5}},"loc":{"start":{"line":6,"column":15},"end":{"line":8,"column":5}},"line":6}},"branchMap":{},"s":{"0":1,"1":1,"2":1,"3":1},"f":{"0":1,"1":1},"b":{},"_coverageSchema":"1a1c01bbd47fc00a2c39e90264f33305004495a9","hash":"bf5eb4668040c72583f4c75e569c1f6b3b662ecf"}
}
