<?xml version="1.0" encoding="UTF-8"?>
<coverage generated="1637650440592" clover="3.2.0">
  <project timestamp="1637650440593" name="All files">
    <metrics statements="23" coveredstatements="23" conditionals="14" coveredconditionals="14" methods="6" coveredmethods="6" elements="43" coveredelements="43" complexity="0" loc="23" ncloc="23" packages="1" files="4" classes="4"/>
    <file name="Bag.js" path="/Users/maguina/Desktop/Multiverse/Airport-Object/airport-objects/airport-object-inheritance/Bag.js">
      <metrics statements="5" coveredstatements="5" conditionals="8" coveredconditionals="8" methods="1" coveredmethods="1"/>
      <line num="3" count="8" type="cond" truecount="2" falsecount="0"/>
      <line num="4" count="7" type="cond" truecount="4" falsecount="0"/>
      <line num="5" count="5" type="stmt"/>
      <line num="6" count="5" type="cond" truecount="2" falsecount="0"/>
      <line num="10" count="3" type="stmt"/>
    </file>
    <file name="Crew-Member.js" path="/Users/maguina/Desktop/Multiverse/Airport-Object/airport-objects/airport-object-inheritance/Crew-Member.js">
      <metrics statements="5" coveredstatements="5" conditionals="0" coveredconditionals="0" methods="1" coveredmethods="1"/>
      <line num="1" count="1" type="stmt"/>
      <line num="4" count="1" type="stmt"/>
      <line num="5" count="1" type="stmt"/>
      <line num="6" count="1" type="stmt"/>
      <line num="10" count="1" type="stmt"/>
    </file>
    <file name="Passenger.js" path="/Users/maguina/Desktop/Multiverse/Airport-Object/airport-objects/airport-object-inheritance/Passenger.js">
      <metrics statements="9" coveredstatements="9" conditionals="6" coveredconditionals="6" methods="2" coveredmethods="2"/>
      <line num="1" count="1" type="stmt"/>
      <line num="5" count="9" type="cond" truecount="2" falsecount="0"/>
      <line num="6" count="8" type="cond" truecount="2" falsecount="0"/>
      <line num="7" count="7" type="cond" truecount="2" falsecount="0"/>
      <line num="8" count="6" type="stmt"/>
      <line num="9" count="6" type="stmt"/>
      <line num="10" count="6" type="stmt"/>
      <line num="15" count="1" type="stmt"/>
      <line num="19" count="1" type="stmt"/>
    </file>
    <file name="Person.js" path="/Users/maguina/Desktop/Multiverse/Airport-Object/airport-objects/airport-object-inheritance/Person.js">
      <metrics statements="4" coveredstatements="4" conditionals="0" coveredconditionals="0" methods="2" coveredmethods="2"/>
      <line num="3" count="8" type="stmt"/>
      <line num="4" count="8" type="stmt"/>
      <line num="7" count="2" type="stmt"/>
      <line num="12" count="3" type="stmt"/>
    </file>
  </project>
</coverage>
