{"/Users/maguina/Desktop/Multiverse/Airport-Object/airport-objects/airport-object-inheritance/Bag.js": {"path":"/Users/maguina/Desktop/Multiverse/Airport-Object/airport-objects/airport-object-inheritance/Bag.js","statementMap":{"0":{"start":{"line":3,"column":8},"end":{"line":3,"column":76}},"1":{"start":{"line":3,"column":34},"end":{"line":3,"column":76}},"2":{"start":{"line":4,"column":8},"end":{"line":4,"column":90}},"3":{"start":{"line":4,"column":42},"end":{"line":4,"column":90}},"4":{"start":{"line":5,"column":8},"end":{"line":5,"column":29}},"5":{"start":{"line":6,"column":8},"end":{"line":6,"column":55}},"6":{"start":{"line":10,"column":0},"end":{"line":10,"column":21}}},"fnMap":{"0":{"name":"(anonymous_0)","decl":{"start":{"line":2,"column":4},"end":{"line":2,"column":5}},"loc":{"start":{"line":2,"column":24},"end":{"line":7,"column":5}},"line":2}},"branchMap":{"0":{"loc":{"start":{"line":3,"column":8},"end":{"line":3,"column":76}},"type":"if","locations":[{"start":{"line":3,"column":8},"end":{"line":3,"column":76}},{"start":{},"end":{}}],"line":3},"1":{"loc":{"start":{"line":4,"column":8},"end":{"line":4,"column":90}},"type":"if","locations":[{"start":{"line":4,"column":8},"end":{"line":4,"column":90}},{"start":{},"end":{}}],"line":4},"2":{"loc":{"start":{"line":4,"column":12},"end":{"line":4,"column":40}},"type":"binary-expr","locations":[{"start":{"line":4,"column":12},"end":{"line":4,"column":23}},{"start":{"line":4,"column":27},"end":{"line":4,"column":40}}],"line":4},"3":{"loc":{"start":{"line":6,"column":27},"end":{"line":6,"column":54}},"type":"cond-expr","locations":[{"start":{"line":6,"column":42},"end":{"line":6,"column":46}},{"start":{"line":6,"column":49},"end":{"line":6,"column":54}}],"line":6}},"s":{"0":8,"1":1,"2":7,"3":2,"4":5,"5":5,"6":3},"f":{"0":8},"b":{"0":[1,7],"1":[2,5],"2":[7,6],"3":[1,4]},"_coverageSchema":"1a1c01bbd47fc00a2c39e90264f33305004495a9","hash":"0cf705c16988b108c25dd4866aff689bb0cb5245"}
,"/Users/maguina/Desktop/Multiverse/Airport-Object/airport-objects/airport-object-inheritance/Crew-Member.js": {"path":"/Users/maguina/Desktop/Multiverse/Airport-Object/airport-objects/airport-object-inheritance/Crew-Member.js","statementMap":{"0":{"start":{"line":1,"column":15},"end":{"line":1,"column":34}},"1":{"start":{"line":4,"column":8},"end":{"line":4,"column":20}},"2":{"start":{"line":5,"column":8},"end":{"line":5,"column":33}},"3":{"start":{"line":6,"column":8},"end":{"line":6,"column":39}},"4":{"start":{"line":10,"column":0},"end":{"line":10,"column":28}}},"fnMap":{"0":{"name":"(anonymous_0)","decl":{"start":{"line":3,"column":4},"end":{"line":3,"column":5}},"loc":{"start":{"line":3,"column":45},"end":{"line":7,"column":5}},"line":3}},"branchMap":{},"s":{"0":1,"1":1,"2":1,"3":1,"4":1},"f":{"0":1},"b":{},"_coverageSchema":"1a1c01bbd47fc00a2c39e90264f33305004495a9","hash":"875d0d05b45a195d17a88c3ce75264459f41b8d0"}
,"/Users/maguina/Desktop/Multiverse/Airport-Object/airport-objects/airport-object-inheritance/Passenger.js": {"path":"/Users/maguina/Desktop/Multiverse/Airport-Object/airport-objects/airport-object-inheritance/Passenger.js","statementMap":{"0":{"start":{"line":1,"column":15},"end":{"line":1,"column":34}},"1":{"start":{"line":5,"column":8},"end":{"line":5,"column":78}},"2":{"start":{"line":5,"column":32},"end":{"line":5,"column":78}},"3":{"start":{"line":6,"column":8},"end":{"line":6,"column":99}},"4":{"start":{"line":6,"column":42},"end":{"line":6,"column":99}},"5":{"start":{"line":7,"column":8},"end":{"line":7,"column":91}},"6":{"start":{"line":7,"column":38},"end":{"line":7,"column":91}},"7":{"start":{"line":8,"column":8},"end":{"line":8,"column":20}},"8":{"start":{"line":9,"column":8},"end":{"line":9,"column":45}},"9":{"start":{"line":10,"column":8},"end":{"line":10,"column":37}},"10":{"start":{"line":15,"column":8},"end":{"line":15,"column":41}},"11":{"start":{"line":19,"column":0},"end":{"line":19,"column":27}}},"fnMap":{"0":{"name":"(anonymous_0)","decl":{"start":{"line":4,"column":4},"end":{"line":4,"column":5}},"loc":{"start":{"line":4,"column":50},"end":{"line":12,"column":5}},"line":4},"1":{"name":"(anonymous_1)","decl":{"start":{"line":14,"column":4},"end":{"line":14,"column":5}},"loc":{"start":{"line":14,"column":20},"end":{"line":16,"column":5}},"line":14}},"branchMap":{"0":{"loc":{"start":{"line":5,"column":8},"end":{"line":5,"column":78}},"type":"if","locations":[{"start":{"line":5,"column":8},"end":{"line":5,"column":78}},{"start":{},"end":{}}],"line":5},"1":{"loc":{"start":{"line":6,"column":8},"end":{"line":6,"column":99}},"type":"if","locations":[{"start":{"line":6,"column":8},"end":{"line":6,"column":99}},{"start":{},"end":{}}],"line":6},"2":{"loc":{"start":{"line":7,"column":8},"end":{"line":7,"column":91}},"type":"if","locations":[{"start":{"line":7,"column":8},"end":{"line":7,"column":91}},{"start":{},"end":{}}],"line":7}},"s":{"0":1,"1":9,"2":1,"3":8,"4":1,"5":7,"6":1,"7":6,"8":6,"9":6,"10":1,"11":1},"f":{"0":9,"1":1},"b":{"0":[1,8],"1":[1,7],"2":[1,6]},"_coverageSchema":"1a1c01bbd47fc00a2c39e90264f33305004495a9","hash":"96b1c50d82d556414562ec6dbd16bb3af79fee48"}
,"/Users/maguina/Desktop/Multiverse/Airport-Object/airport-objects/airport-object-inheritance/Person.js": {"path":"/Users/maguina/Desktop/Multiverse/Airport-Object/airport-objects/airport-object-inheritance/Person.js","statementMap":{"0":{"start":{"line":3,"column":8},"end":{"line":3,"column":24}},"1":{"start":{"line":4,"column":8},"end":{"line":4,"column":22}},"2":{"start":{"line":7,"column":8},"end":{"line":7,"column":27}},"3":{"start":{"line":12,"column":0},"end":{"line":12,"column":24}}},"fnMap":{"0":{"name":"(anonymous_0)","decl":{"start":{"line":2,"column":4},"end":{"line":2,"column":5}},"loc":{"start":{"line":2,"column":21},"end":{"line":5,"column":5}},"line":2},"1":{"name":"(anonymous_1)","decl":{"start":{"line":6,"column":4},"end":{"line":6,"column":5}},"loc":{"start":{"line":6,"column":15},"end":{"line":8,"column":5}},"line":6}},"branchMap":{},"s":{"0":8,"1":8,"2":2,"3":3},"f":{"0":8,"1":2},"b":{},"_coverageSchema":"1a1c01bbd47fc00a2c39e90264f33305004495a9","hash":"7c447f6389e08afa0be315d48567839be1c44163"}
}
