TN:
SF:Bag.js
FN:2,(anonymous_0)
FNF:1
FNH:1
FNDA:8,(anonymous_0)
DA:3,8
DA:4,7
DA:5,5
DA:6,5
DA:10,3
LF:5
LH:5
BRDA:3,0,0,1
BRDA:3,0,1,7
BRDA:4,1,0,2
BRDA:4,1,1,5
BRDA:4,2,0,7
BRDA:4,2,1,6
BRDA:6,3,0,1
BRDA:6,3,1,4
BRF:8
BRH:8
end_of_record
TN:
SF:Crew-Member.js
FN:3,(anonymous_0)
FNF:1
FNH:1
FNDA:1,(anonymous_0)
DA:1,1
DA:4,1
DA:5,1
DA:6,1
DA:10,1
LF:5
LH:5
BRF:0
BRH:0
end_of_record
TN:
SF:Passenger.js
FN:4,(anonymous_0)
FN:14,(anonymous_1)
FNF:2
FNH:2
FNDA:9,(anonymous_0)
FNDA:1,(anonymous_1)
DA:1,1
DA:5,9
DA:6,8
DA:7,7
DA:8,6
DA:9,6
DA:10,6
DA:15,1
DA:19,1
LF:9
LH:9
BRDA:5,0,0,1
BRDA:5,0,1,8
BRDA:6,1,0,1
BRDA:6,1,1,7
BRDA:7,2,0,1
BRDA:7,2,1,6
BRF:6
BRH:6
end_of_record
TN:
SF:Person.js
FN:2,(anonymous_0)
FN:6,(anonymous_1)
FNF:2
FNH:2
FNDA:8,(anonymous_0)
FNDA:2,(anonymous_1)
DA:3,8
DA:4,8
DA:7,2
DA:12,3
LF:4
LH:4
BRF:0
BRH:0
end_of_record
